quickblox-android-sdk-master/sample-pushnotifications/build/outputs/logs/manifest-merger-dev-debug-report.txt
-- Merging decision tree log ---
manifest
ADDED from src/main/AndroidManifest.xml:2:1-73:12
	package
		ADDED from src/main/AndroidManifest.xml:4:5-53
		INJECTED from src/main/AndroidManifest.xml
		INJECTED from src/main/AndroidManifest.xml
	android:versionName
		INJECTED from src/main/AndroidManifest.xml
		INJECTED from src/main/AndroidManifest.xml
	xmlns:tools
		ADDED from src/main/AndroidManifest.xml:3:5-51
	xmlns:android
		ADDED from src/main/AndroidManifest.xml:2:11-69
	android:versionCode
		INJECTED from src/main/AndroidManifest.xml
		INJECTED from src/main/AndroidManifest.xml
permission#com.quickblox.sample.pushnotifications.permission.C2D_MESSAGE
ADDED from src/main/AndroidManifest.xml:6:5-8:47
	android:protectionLevel
		ADDED from src/main/AndroidManifest.xml:8:9-44
	android:name
		ADDED from src/main/AndroidManifest.xml:7:9-85
uses-permission#com.quickblox.sample.messages.permission.C2D_MESSAGE
ADDED from src/main/AndroidManifest.xml:10:5-92
	android:name
		ADDED from src/main/AndroidManifest.xml:10:22-89
uses-permission#com.google.android.c2dm.permission.RECEIVE
ADDED from src/main/AndroidManifest.xml:11:5-82
MERGED from [com.google.android.gms:play-services-gcm:8.4.0] AndroidManifest.xml:21:5-82
MERGED from [com.google.android.gms:play-services-gcm:8.4.0] AndroidManifest.xml:21:5-82
	android:name
		ADDED from src/main/AndroidManifest.xml:11:22-79
uses-permission#android.permission.INTERNET
ADDED from src/main/AndroidManifest.xml:13:5-67
MERGED from [com.quickblox:quickblox-android-sdk-core:2.5.2] AndroidManifest.xml:14:5-67
MERGED from [com.quickblox:quickblox-android-sdk-messages:2.5.2] AndroidManifest.xml:11:5-67
MERGED from [com.google.android.gms:play-services-gcm:8.4.0] AndroidManifest.xml:22:5-67
MERGED from [com.google.android.gms:play-services-measurement:8.4.0] AndroidManifest.xml:21:5-67
MERGED from [com.google.android.gms:play-services-gcm:8.4.0] AndroidManifest.xml:22:5-67
MERGED from [com.google.android.gms:play-services-measurement:8.4.0] AndroidManifest.xml:21:5-67
MERGED from [com.google.android.gms:play-services-measurement:8.4.0] AndroidManifest.xml:21:5-67
	android:name
		ADDED from src/main/AndroidManifest.xml:13:22-64
uses-permission#android.permission.GET_ACCOUNTS
ADDED from src/main/AndroidManifest.xml:14:5-71
	android:name
		ADDED from src/main/AndroidManifest.xml:14:22-68
uses-permission#android.permission.WAKE_LOCK
ADDED from src/main/AndroidManifest.xml:15:5-68
MERGED from [com.google.android.gms:play-services-measurement:8.4.0] AndroidManifest.xml:24:5-67
MERGED from [com.google.android.gms:play-services-measurement:8.4.0] AndroidManifest.xml:24:5-67
MERGED from [com.google.android.gms:play-services-measurement:8.4.0] AndroidManifest.xml:24:5-67
	android:name
		ADDED from src/main/AndroidManifest.xml:15:22-65
uses-permission#android.permission.READ_PHONE_STATE
ADDED from src/main/AndroidManifest.xml:16:5-75
MERGED from [com.quickblox:quickblox-android-sdk-messages:2.5.2] AndroidManifest.xml:12:5-75
	android:name
		ADDED from src/main/AndroidManifest.xml:16:22-72
application
ADDED from src/main/AndroidManifest.xml:18:5-72:19
MERGED from [quickblox-android-sdk-master:sample-core:unspecified] AndroidManifest.xml:12:5-20
MERGED from [com.google.android.gms:play-services-gcm:8.4.0] AndroidManifest.xml:24:5-20
MERGED from [com.google.android.gms:play-services-basement:8.4.0] AndroidManifest.xml:20:5-24:19
MERGED from [com.android.support:support-v4:23.1.1] AndroidManifest.xml:22:5-20
MERGED from [com.google.android.gms:play-services-measurement:8.4.0] AndroidManifest.xml:26:5-46:19
MERGED from [com.google.android.gms:play-services-basement:8.4.0] AndroidManifest.xml:20:5-24:19
MERGED from [com.android.support:support-v4:23.1.1] AndroidManifest.xml:22:5-20
MERGED from [com.android.support:design:23.1.1] AndroidManifest.xml:22:5-20
MERGED from [com.android.support:appcompat-v7:23.1.1] AndroidManifest.xml:22:5-20
MERGED from [com.android.support:support-v4:23.1.1] AndroidManifest.xml:22:5-20
MERGED from [com.android.support:support-v4:23.1.1] AndroidManifest.xml:22:5-20
MERGED from [com.android.support:support-v4:23.1.1] AndroidManifest.xml:22:5-20
MERGED from [com.github.johnkil.android-robototextview:robototextview:2.4.3] AndroidManifest.xml:8:5-20
MERGED from [com.android.support:appcompat-v7:23.1.1] AndroidManifest.xml:22:5-20
MERGED from [com.android.support:support-v4:23.1.1] AndroidManifest.xml:22:5-20
MERGED from [com.google.android.gms:play-services-gcm:8.4.0] AndroidManifest.xml:24:5-20
MERGED from [com.google.android.gms:play-services-basement:8.4.0] AndroidManifest.xml:20:5-24:19
MERGED from [com.android.support:support-v4:23.1.1] AndroidManifest.xml:22:5-20
MERGED from [com.google.android.gms:play-services-measurement:8.4.0] AndroidManifest.xml:26:5-46:19
MERGED from [com.google.android.gms:play-services-basement:8.4.0] AndroidManifest.xml:20:5-24:19
MERGED from [com.android.support:support-v4:23.1.1] AndroidManifest.xml:22:5-20
MERGED from [com.google.android.gms:play-services-measurement:8.4.0] AndroidManifest.xml:26:5-46:19
MERGED from [com.google.android.gms:play-services-basement:8.4.0] AndroidManifest.xml:20:5-24:19
MERGED from [com.android.support:support-v4:23.1.1] AndroidManifest.xml:22:5-20
	android:label
		ADDED from src/main/AndroidManifest.xml:22:9-41
	tools:ignore
		ADDED from src/main/AndroidManifest.xml:24:9-48
	android:allowBackup
		ADDED from src/main/AndroidManifest.xml:20:9-36
	android:icon
		ADDED from src/main/AndroidManifest.xml:21:9-43
	android:theme
		ADDED from src/main/AndroidManifest.xml:23:9-40
	android:name
		ADDED from src/main/AndroidManifest.xml:19:9-66
activity#com.quickblox.sample.pushnotifications.activities.SplashActivity
ADDED from src/main/AndroidManifest.xml:26:9-33:20
	android:screenOrientation
		ADDED from src/main/AndroidManifest.xml:28:13-49
	android:name
		ADDED from src/main/AndroidManifest.xml:27:13-92
intent-filter#android.intent.action.MAIN+android.intent.category.LAUNCHER
ADDED from src/main/AndroidManifest.xml:29:13-32:29
action#android.intent.action.MAIN
ADDED from src/main/AndroidManifest.xml:30:17-69
	android:name
		ADDED from src/main/AndroidManifest.xml:30:25-66
category#android.intent.category.LAUNCHER
ADDED from src/main/AndroidManifest.xml:31:17-77
	android:name
		ADDED from src/main/AndroidManifest.xml:31:27-74
activity#com.quickblox.sample.pushnotifications.activities.MessagesActivity
ADDED from src/main/AndroidManifest.xml:35:9-39:80
	android:screenOrientation
		ADDED from src/main/AndroidManifest.xml:38:13-49
	android:label
		ADDED from src/main/AndroidManifest.xml:37:13-51
	android:windowSoftInputMode
		ADDED from src/main/AndroidManifest.xml:39:13-77
	android:name
		ADDED from src/main/AndroidManifest.xml:36:13-94
receiver#com.google.android.gms.gcm.GcmReceiver
ADDED from src/main/AndroidManifest.xml:41:9-51:20
	android:exported
		ADDED from src/main/AndroidManifest.xml:43:13-36
	android:permission
		ADDED from src/main/AndroidManifest.xml:44:13-73
	android:name
		ADDED from src/main/AndroidManifest.xml:42:13-66
intent-filter#com.google.android.c2dm.intent.RECEIVE+com.google.android.c2dm.intent.REGISTRATION+com.quickblox.sample.pushnotifications
ADDED from src/main/AndroidManifest.xml:45:13-50:29
action#com.google.android.c2dm.intent.RECEIVE
ADDED from src/main/AndroidManifest.xml:46:17-81
	android:name
		ADDED from src/main/AndroidManifest.xml:46:25-78
action#com.google.android.c2dm.intent.REGISTRATION
ADDED from src/main/AndroidManifest.xml:47:17-86
	android:name
		ADDED from src/main/AndroidManifest.xml:47:25-83
category#com.quickblox.sample.pushnotifications
ADDED from src/main/AndroidManifest.xml:49:17-83
	android:name
		ADDED from src/main/AndroidManifest.xml:49:27-80
service#com.quickblox.sample.pushnotifications.gcm.GcmPushListenerService
ADDED from src/main/AndroidManifest.xml:53:9-59:19
	android:exported
		ADDED from src/main/AndroidManifest.xml:55:13-37
	android:name
		ADDED from src/main/AndroidManifest.xml:54:13-93
intent-filter#com.google.android.c2dm.intent.RECEIVE
ADDED from src/main/AndroidManifest.xml:56:13-58:29
service#com.quickblox.sample.pushnotifications.gcm.GcmPushInstanceIDService
ADDED from src/main/AndroidManifest.xml:61:9-67:19
	android:exported
		ADDED from src/main/AndroidManifest.xml:63:13-37
	android:name
		ADDED from src/main/AndroidManifest.xml:62:13-95
intent-filter#com.google.android.gms.iid.InstanceID
ADDED from src/main/AndroidManifest.xml:64:13-66:29
action#com.google.android.gms.iid.InstanceID
ADDED from src/main/AndroidManifest.xml:65:17-80
	android:name
		ADDED from src/main/AndroidManifest.xml:65:25-77
meta-data#com.google.android.gms.version
ADDED from src/main/AndroidManifest.xml:69:9-71:69
MERGED from [com.google.android.gms:play-services-basement:8.4.0] AndroidManifest.xml:21:9-23:69
MERGED from [com.google.android.gms:play-services-basement:8.4.0] AndroidManifest.xml:21:9-23:69
MERGED from [com.google.android.gms:play-services-basement:8.4.0] AndroidManifest.xml:21:9-23:69
MERGED from [com.google.android.gms:play-services-basement:8.4.0] AndroidManifest.xml:21:9-23:69
MERGED from [com.google.android.gms:play-services-basement:8.4.0] AndroidManifest.xml:21:9-23:69
	android:value
		ADDED from src/main/AndroidManifest.xml:71:13-66
	android:name
		ADDED from src/main/AndroidManifest.xml:70:13-58
uses-sdk
INJECTED from src/main/AndroidManifest.xml reason: use-sdk injection requested
MERGED from [quickblox-android-sdk-master:sample-core:unspecified] AndroidManifest.xml:8:5-10:41
MERGED from [com.quickblox:quickblox-android-sdk-core:2.5.2] AndroidManifest.xml:6:5-8:41
MERGED from [com.quickblox:quickblox-android-sdk-messages:2.5.2] AndroidManifest.xml:5:5-7:41
MERGED from [com.google.android.gms:play-services-gcm:8.4.0] AndroidManifest.xml:18:5-42
MERGED from [com.google.android.gms:play-services-base:8.4.0] AndroidManifest.xml:18:5-42
MERGED from [com.google.android.gms:play-services-basement:8.4.0] AndroidManifest.xml:18:5-42
MERGED from [com.android.support:support-v4:23.1.1] AndroidManifest.xml:20:5-43
MERGED from [com.google.android.gms:play-services-measurement:8.4.0] AndroidManifest.xml:18:5-42
MERGED from [com.google.android.gms:play-services-basement:8.4.0] AndroidManifest.xml:18:5-42
MERGED from [com.android.support:support-v4:23.1.1] AndroidManifest.xml:20:5-43
MERGED from [com.android.support:design:23.1.1] AndroidManifest.xml:20:5-43
MERGED from [com.android.support:appcompat-v7:23.1.1] AndroidManifest.xml:20:5-43
MERGED from [com.android.support:support-v4:23.1.1] AndroidManifest.xml:20:5-43
MERGED from [com.android.support:recyclerview-v7:23.1.1] AndroidManifest.xml:20:5-43
MERGED from [com.android.support:support-v4:23.1.1] AndroidManifest.xml:20:5-43
MERGED from [com.android.support:support-v4:23.1.1] AndroidManifest.xml:20:5-43
MERGED from [com.github.johnkil.android-robototextview:robototextview:2.4.3] AndroidManifest.xml:6:5-43
MERGED from [com.android.support:appcompat-v7:23.1.1] AndroidManifest.xml:20:5-43
MERGED from [com.android.support:support-v4:23.1.1] AndroidManifest.xml:20:5-43
MERGED from [com.google.android.gms:play-services-gcm:8.4.0] AndroidManifest.xml:18:5-42
MERGED from [com.google.android.gms:play-services-base:8.4.0] AndroidManifest.xml:18:5-42
MERGED from [com.google.android.gms:play-services-basement:8.4.0] AndroidManifest.xml:18:5-42
MERGED from [com.android.support:support-v4:23.1.1] AndroidManifest.xml:20:5-43
MERGED from [com.google.android.gms:play-services-measurement:8.4.0] AndroidManifest.xml:18:5-42
MERGED from [com.google.android.gms:play-services-basement:8.4.0] AndroidManifest.xml:18:5-42
MERGED from [com.android.support:support-v4:23.1.1] AndroidManifest.xml:20:5-43
MERGED from [com.google.android.gms:play-services-measurement:8.4.0] AndroidManifest.xml:18:5-42
MERGED from [com.google.android.gms:play-services-basement:8.4.0] AndroidManifest.xml:18:5-42
MERGED from [com.android.support:support-v4:23.1.1] AndroidManifest.xml:20:5-43
	android:targetSdkVersion
		INJECTED from src/main/AndroidManifest.xml
		INJECTED from src/main/AndroidManifest.xml
	android:minSdkVersion
		INJECTED from src/main/AndroidManifest.xml
		INJECTED from src/main/AndroidManifest.xml
uses-permission#android.permission.CAMERA
ADDED from [com.quickblox:quickblox-android-sdk-core:2.5.2] AndroidManifest.xml:12:5-65
	android:name
		ADDED from [com.quickblox:quickblox-android-sdk-core:2.5.2] AndroidManifest.xml:12:22-62
uses-permission#android.permission.FLASHLIGHT
ADDED from [com.quickblox:quickblox-android-sdk-core:2.5.2] AndroidManifest.xml:13:5-69
	android:name
		ADDED from [com.quickblox:quickblox-android-sdk-core:2.5.2] AndroidManifest.xml:13:22-66
uses-feature#android.hardware.camera
ADDED from [com.quickblox:quickblox-android-sdk-core:2.5.2] AndroidManifest.xml:16:5-60
MERGED from [com.quickblox:quickblox-android-sdk-messages:2.5.2] AndroidManifest.xml:14:5-60
	android:name
		ADDED from [com.quickblox:quickblox-android-sdk-core:2.5.2] AndroidManifest.xml:16:19-57
uses-feature#android.hardware.camera.autofocus
ADDED from [com.quickblox:quickblox-android-sdk-core:2.5.2] AndroidManifest.xml:17:5-70
MERGED from [com.quickblox:quickblox-android-sdk-messages:2.5.2] AndroidManifest.xml:15:5-70
	android:name
		ADDED from [com.quickblox:quickblox-android-sdk-core:2.5.2] AndroidManifest.xml:17:19-67
uses-feature#android.hardware.camera.flash
ADDED from [com.quickblox:quickblox-android-sdk-core:2.5.2] AndroidManifest.xml:18:5-66
MERGED from [com.quickblox:quickblox-android-sdk-messages:2.5.2] AndroidManifest.xml:16:5-66
	android:name
		ADDED from [com.quickblox:quickblox-android-sdk-core:2.5.2] AndroidManifest.xml:18:19-63
uses-permission#android.permission.RECORD_AUDIO
ADDED from [com.quickblox:quickblox-android-sdk-core:2.5.2] AndroidManifest.xml:20:5-71
MERGED from [com.quickblox:quickblox-android-sdk-messages:2.5.2] AndroidManifest.xml:18:5-71
	android:name
		ADDED from [com.quickblox:quickblox-android-sdk-core:2.5.2] AndroidManifest.xml:20:22-68
uses-permission#android.permission.WRITE_EXTERNAL_STORAGE
ADDED from [com.quickblox:quickblox-android-sdk-core:2.5.2] AndroidManifest.xml:21:5-81
MERGED from [com.quickblox:quickblox-android-sdk-messages:2.5.2] AndroidManifest.xml:19:5-81
	android:name
		ADDED from [com.quickblox:quickblox-android-sdk-core:2.5.2] AndroidManifest.xml:21:22-78
uses-permission#android.permission.MODIFY_AUDIO_SETTINGS
ADDED from [com.quickblox:quickblox-android-sdk-core:2.5.2] AndroidManifest.xml:22:5-80
MERGED from [com.quickblox:quickblox-android-sdk-messages:2.5.2] AndroidManifest.xml:20:5-80
	android:name
		ADDED from [com.quickblox:quickblox-android-sdk-core:2.5.2] AndroidManifest.xml:22:22-77
uses-permission#android.permission.ACCESS_NETWORK_STATE
ADDED from [com.quickblox:quickblox-android-sdk-core:2.5.2] AndroidManifest.xml:23:5-79
MERGED from [com.quickblox:quickblox-android-sdk-messages:2.5.2] AndroidManifest.xml:21:5-79
MERGED from [com.google.android.gms:play-services-measurement:8.4.0] AndroidManifest.xml:22:5-79
MERGED from [com.google.android.gms:play-services-measurement:8.4.0] AndroidManifest.xml:22:5-79
MERGED from [com.google.android.gms:play-services-measurement:8.4.0] AndroidManifest.xml:22:5-79
	android:name
		ADDED from [com.quickblox:quickblox-android-sdk-core:2.5.2] AndroidManifest.xml:23:22-76
provider#com.google.android.gms.measurement.AppMeasurementContentProvider
ADDED from [com.google.android.gms:play-services-measurement:8.4.0] AndroidManifest.xml:28:7-31:37
MERGED from [com.google.android.gms:play-services-measurement:8.4.0] AndroidManifest.xml:28:7-31:37
MERGED from [com.google.android.gms:play-services-measurement:8.4.0] AndroidManifest.xml:28:7-31:37
	android:authorities
		ADDED from [com.google.android.gms:play-services-measurement:8.4.0] AndroidManifest.xml:29:11-76
	android:exported
		ADDED from [com.google.android.gms:play-services-measurement:8.4.0] AndroidManifest.xml:31:11-35
	android:name
		ADDED from [com.google.android.gms:play-services-measurement:8.4.0] AndroidManifest.xml:30:11-90
receiver#com.google.android.gms.measurement.AppMeasurementReceiver
ADDED from [com.google.android.gms:play-services-measurement:8.4.0] AndroidManifest.xml:33:7-39:18
MERGED from [com.google.android.gms:play-services-measurement:8.4.0] AndroidManifest.xml:33:7-39:18
MERGED from [com.google.android.gms:play-services-measurement:8.4.0] AndroidManifest.xml:33:7-39:18
	android:enabled
		ADDED from [com.google.android.gms:play-services-measurement:8.4.0] AndroidManifest.xml:35:11-33
	android:name
		ADDED from [com.google.android.gms:play-services-measurement:8.4.0] AndroidManifest.xml:34:11-83
intent-filter#com.google.android.gms.measurement.UPLOAD
ADDED from [com.google.android.gms:play-services-measurement:8.4.0] AndroidManifest.xml:36:9-38:25
action#com.google.android.gms.measurement.UPLOAD
ADDED from [com.google.android.gms:play-services-measurement:8.4.0] AndroidManifest.xml:37:11-77
	android:name
		ADDED from [com.google.android.gms:play-services-measurement:8.4.0] AndroidManifest.xml:37:19-75
service#com.google.android.gms.measurement.AppMeasurementService
ADDED from [com.google.android.gms:play-services-measurement:8.4.0] AndroidManifest.xml:41:7-44:37
MERGED from [com.google.android.gms:play-services-measurement:8.4.0] AndroidManifest.xml:41:7-44:37
MERGED from [com.google.android.gms:play-services-measurement:8.4.0] AndroidManifest.xml:41:7-44:37
	android:enabled
		ADDED from [com.google.android.gms:play-services-measurement:8.4.0] AndroidManifest.xml:43:11-33
	android:exported
		ADDED from [com.google.android.gms:play-services-measurement:8.4.0] AndroidManifest.xml:44:11-35
	android:name
		ADDED from [com.google.android.gms:play-services-measurement:8.4.0] AndroidManifest.xml:42:11-82